EmployeeService>>TESTNODE_SANJIV>>default>>0>>1534962274123
2871<<Administration Result<<2018-08-22 23:54:54.556 IST<<user\SANJIV<<deploy<<C:/Users/SANJIV/IBM/IIBT10/workspace/GeneratedBarFiles/EmployeeServiceproject.generated.bar<<BAR<<default<<ExecutionGroup<<COMPLETE
AdditionApp>>TESTNODE_SANJIV>>default>>0>>1535214586794
2871<<Administration Result<<2018-08-25 22:01:25.225 IST<<user\SANJIV<<deploy<<C:/Users/SANJIV/IBM/IIBT10/workspace/GeneratedBarFiles/AdditionAppproject.generated.bar<<BAR<<default<<ExecutionGroup<<COMPLETE
AdditionApp>>TESTNODE_SANJIV>>default>>2>>1535214670697
2087<<Runtime Response<<2018-08-25 22:01:25.381 IST<<TESTNODE_SANJIV<<c82486ed-c534-4eb8-b8df-98e4700428c1
4041<<Runtime Response<<2018-08-25 22:01:25.381 IST<<default<<6c5abb64-3609-421e-8096-468c21a91f5a
2262<<Runtime Response<<2018-08-25 22:01:25.381 IST<<b7660794-7b5d-491f-b439-9992b74729a7<<AdditionApp<<.APPZIP
2871<<Administration Result<<2018-08-25 22:01:25.381 IST<<user\SANJIV<<deploy<<C:/Users/SANJIV/IBM/IIBT10/workspace/GeneratedBarFiles/AdditionAppproject.generated.bar<<BAR<<default<<ExecutionGroup<<FAILED
AdditionApp>>TESTNODE_SANJIV>>default>>0>>1535214735239
2871<<Administration Result<<2018-08-25 22:02:17.784 IST<<user\SANJIV<<deploy<<C:/Users/SANJIV/IBM/IIBT10/workspace/GeneratedBarFiles/AdditionAppproject.generated.bar<<BAR<<default<<ExecutionGroup<<COMPLETE
AdditionApp>>TESTNODE_SANJIV>>default>>2>>1535222699625
2087<<Runtime Response<<2018-08-26 00:15:05.895 IST<<TESTNODE_SANJIV<<c82486ed-c534-4eb8-b8df-98e4700428c1
4041<<Runtime Response<<2018-08-26 00:15:05.895 IST<<default<<6c5abb64-3609-421e-8096-468c21a91f5a
2432<<Runtime Response<<2018-08-26 00:15:05.895 IST<<AdditionApp.Addition_Compute.Main<<6.32<<XML.NamespaceDec1<<Environment, InputLocalEnvironment, OutputLocalEnvironment, InputRoot, InputBody, InputProperties, OutputRoot, InputExceptionList, OutputExceptionList, InputDestinationList, OutputDestinationList, sp1
2871<<Administration Result<<2018-08-26 00:15:05.896 IST<<user\SANJIV<<deploy<<C:/Users/SANJIV/IBM/IIBT10/workspace/GeneratedBarFiles/AdditionAppproject.generated.bar<<BAR<<default<<ExecutionGroup<<FAILED
AdditionApp>>TESTNODE_SANJIV>>default>>2>>1535222718487
2087<<Runtime Response<<2018-08-26 00:15:19.719 IST<<TESTNODE_SANJIV<<c82486ed-c534-4eb8-b8df-98e4700428c1
4041<<Runtime Response<<2018-08-26 00:15:19.719 IST<<default<<6c5abb64-3609-421e-8096-468c21a91f5a
2432<<Runtime Response<<2018-08-26 00:15:19.719 IST<<AdditionApp.Addition_Compute.Main<<6.32<<XML.NamespaceDec1<<Environment, InputLocalEnvironment, OutputLocalEnvironment, InputRoot, InputBody, InputProperties, OutputRoot, InputExceptionList, OutputExceptionList, InputDestinationList, OutputDestinationList, sp1
2871<<Administration Result<<2018-08-26 00:15:19.719 IST<<user\SANJIV<<deploy<<C:/Users/SANJIV/IBM/IIBT10/workspace/GeneratedBarFiles/AdditionAppproject.generated.bar<<BAR<<default<<ExecutionGroup<<FAILED
AdditionApp>>TESTNODE_SANJIV>>default>>2>>1535222780902
2087<<Runtime Response<<2018-08-26 00:16:37.361 IST<<TESTNODE_SANJIV<<c82486ed-c534-4eb8-b8df-98e4700428c1
4041<<Runtime Response<<2018-08-26 00:16:37.361 IST<<default<<6c5abb64-3609-421e-8096-468c21a91f5a
2432<<Runtime Response<<2018-08-26 00:16:37.361 IST<<AdditionApp.Addition_Compute.Main<<6.32<<XML.NamespaceDec1<<Environment, InputLocalEnvironment, OutputLocalEnvironment, InputRoot, InputBody, InputProperties, OutputRoot, InputExceptionList, OutputExceptionList, InputDestinationList, OutputDestinationList, sp1
2871<<Administration Result<<2018-08-26 00:16:37.361 IST<<user\SANJIV<<deploy<<C:/Users/SANJIV/IBM/IIBT10/workspace/GeneratedBarFiles/AdditionAppproject.generated.bar<<BAR<<default<<ExecutionGroup<<FAILED
AdditionApp>>TESTNODE_SANJIV>>default>>2>>1535222951409
2087<<Runtime Response<<2018-08-26 00:19:12.871 IST<<TESTNODE_SANJIV<<c82486ed-c534-4eb8-b8df-98e4700428c1
4041<<Runtime Response<<2018-08-26 00:19:12.871 IST<<default<<6c5abb64-3609-421e-8096-468c21a91f5a
2432<<Runtime Response<<2018-08-26 00:19:12.871 IST<<AdditionApp.Addition_Compute.Main<<6.32<<XML.NamespaceDec1<<Environment, InputLocalEnvironment, OutputLocalEnvironment, InputRoot, InputBody, InputProperties, OutputRoot, InputExceptionList, OutputExceptionList, InputDestinationList, OutputDestinationList, sp1
2871<<Administration Result<<2018-08-26 00:19:12.871 IST<<user\SANJIV<<deploy<<C:/Users/SANJIV/IBM/IIBT10/workspace/GeneratedBarFiles/AdditionAppproject.generated.bar<<BAR<<default<<ExecutionGroup<<FAILED
AdditionApp>>TESTNODE_SANJIV>>default>>0>>1535223043575
2871<<Administration Result<<2018-08-26 00:20:49.130 IST<<user\SANJIV<<deploy<<C:/Users/SANJIV/IBM/IIBT10/workspace/GeneratedBarFiles/AdditionAppproject.generated.bar<<BAR<<default<<ExecutionGroup<<COMPLETE
AdditionApp>>TESTNODE_SANJIV>>default>>2>>1535223132037
2087<<Runtime Response<<2018-08-26 00:22:13.452 IST<<TESTNODE_SANJIV<<c82486ed-c534-4eb8-b8df-98e4700428c1
4041<<Runtime Response<<2018-08-26 00:22:13.452 IST<<default<<6c5abb64-3609-421e-8096-468c21a91f5a
2432<<Runtime Response<<2018-08-26 00:22:13.452 IST<<AdditionApp.Addition_Compute.Main<<6.32<<XML.NamespaceDec1<<Environment, InputLocalEnvironment, OutputLocalEnvironment, InputRoot, InputBody, InputProperties, OutputRoot, InputExceptionList, OutputExceptionList, InputDestinationList, OutputDestinationList, sp1
2871<<Administration Result<<2018-08-26 00:22:13.452 IST<<user\SANJIV<<deploy<<C:/Users/SANJIV/IBM/IIBT10/workspace/GeneratedBarFiles/AdditionAppproject.generated.bar<<BAR<<default<<ExecutionGroup<<FAILED
AdditionApp>>TESTNODE_SANJIV>>default>>2>>1535223142921
2087<<Runtime Response<<2018-08-26 00:22:24.014 IST<<TESTNODE_SANJIV<<c82486ed-c534-4eb8-b8df-98e4700428c1
4041<<Runtime Response<<2018-08-26 00:22:24.014 IST<<default<<6c5abb64-3609-421e-8096-468c21a91f5a
2432<<Runtime Response<<2018-08-26 00:22:24.014 IST<<AdditionApp.Addition_Compute.Main<<6.32<<XML.NamespaceDec1<<Environment, InputLocalEnvironment, OutputLocalEnvironment, InputRoot, InputBody, InputProperties, OutputRoot, InputExceptionList, OutputExceptionList, InputDestinationList, OutputDestinationList, sp1
2871<<Administration Result<<2018-08-26 00:22:24.014 IST<<user\SANJIV<<deploy<<C:/Users/SANJIV/IBM/IIBT10/workspace/GeneratedBarFiles/AdditionAppproject.generated.bar<<BAR<<default<<ExecutionGroup<<FAILED
AdditionApp>>TESTNODE_SANJIV>>default>>2>>1535223174013
2087<<Runtime Response<<2018-08-26 00:22:55.415 IST<<TESTNODE_SANJIV<<c82486ed-c534-4eb8-b8df-98e4700428c1
4041<<Runtime Response<<2018-08-26 00:22:55.416 IST<<default<<6c5abb64-3609-421e-8096-468c21a91f5a
2432<<Runtime Response<<2018-08-26 00:22:55.416 IST<<AdditionApp.Addition_Compute.Main<<6.35<<XML.NamespaceDec1<<Environment, InputLocalEnvironment, OutputLocalEnvironment, InputRoot, InputBody, InputProperties, OutputRoot, InputExceptionList, OutputExceptionList, InputDestinationList, OutputDestinationList, sp1
2871<<Administration Result<<2018-08-26 00:22:55.416 IST<<user\SANJIV<<deploy<<C:/Users/SANJIV/IBM/IIBT10/workspace/GeneratedBarFiles/AdditionAppproject.generated.bar<<BAR<<default<<ExecutionGroup<<FAILED
AdditionApp>>TESTNODE_SANJIV>>default>>2>>1535224010893
2087<<Runtime Response<<2018-08-26 00:36:52.383 IST<<TESTNODE_SANJIV<<c82486ed-c534-4eb8-b8df-98e4700428c1
4041<<Runtime Response<<2018-08-26 00:36:52.383 IST<<default<<6c5abb64-3609-421e-8096-468c21a91f5a
2432<<Runtime Response<<2018-08-26 00:36:52.383 IST<<AdditionApp.Addition_Compute.Main<<6.35<<XMLNS.NamespaceDec1<<Environment, InputLocalEnvironment, OutputLocalEnvironment, InputRoot, InputBody, InputProperties, OutputRoot, InputExceptionList, OutputExceptionList, InputDestinationList, OutputDestinationList, sp1
2871<<Administration Result<<2018-08-26 00:36:52.383 IST<<user\SANJIV<<deploy<<C:/Users/SANJIV/IBM/IIBT10/workspace/GeneratedBarFiles/AdditionAppproject.generated.bar<<BAR<<default<<ExecutionGroup<<FAILED
AdditionApp>>TESTNODE_SANJIV>>default>>2>>1535224038069
2087<<Runtime Response<<2018-08-26 00:37:19.240 IST<<TESTNODE_SANJIV<<c82486ed-c534-4eb8-b8df-98e4700428c1
4041<<Runtime Response<<2018-08-26 00:37:19.240 IST<<default<<6c5abb64-3609-421e-8096-468c21a91f5a
2432<<Runtime Response<<2018-08-26 00:37:19.240 IST<<AdditionApp.Addition_Compute.Main<<6.35<<XMLNS.NamespaceDec1<<Environment, InputLocalEnvironment, OutputLocalEnvironment, InputRoot, InputBody, InputProperties, OutputRoot, InputExceptionList, OutputExceptionList, InputDestinationList, OutputDestinationList, sp1
2871<<Administration Result<<2018-08-26 00:37:19.240 IST<<user\SANJIV<<deploy<<C:/Users/SANJIV/IBM/IIBT10/workspace/GeneratedBarFiles/AdditionAppproject.generated.bar<<BAR<<default<<ExecutionGroup<<FAILED
AdditionApp>>TESTNODE_SANJIV>>default>>2>>1535269696395
2087<<Runtime Response<<2018-08-26 13:18:32.499 IST<<TESTNODE_SANJIV<<c82486ed-c534-4eb8-b8df-98e4700428c1
4041<<Runtime Response<<2018-08-26 13:18:32.499 IST<<default<<6c5abb64-3609-421e-8096-468c21a91f5a
2432<<Runtime Response<<2018-08-26 13:18:32.499 IST<<AdditionApp.Addition_Compute.Main<<6.35<<XMLNS.NamespaceDec1<<Environment, InputLocalEnvironment, OutputLocalEnvironment, InputRoot, InputBody, InputProperties, OutputRoot, InputExceptionList, OutputExceptionList, InputDestinationList, OutputDestinationList, sp1
2871<<Administration Result<<2018-08-26 13:18:32.499 IST<<user\SANJIV<<deploy<<C:/Users/SANJIV/IBM/IIBT10/workspace/GeneratedBarFiles/AdditionAppproject.generated.bar<<BAR<<default<<ExecutionGroup<<FAILED
AdditionApp>>TESTNODE_SANJIV>>default>>2>>1535269805599
2087<<Runtime Response<<2018-08-26 13:20:14.666 IST<<TESTNODE_SANJIV<<c82486ed-c534-4eb8-b8df-98e4700428c1
4041<<Runtime Response<<2018-08-26 13:20:14.666 IST<<default<<6c5abb64-3609-421e-8096-468c21a91f5a
2432<<Runtime Response<<2018-08-26 13:20:14.666 IST<<AdditionApp.Addition_Compute.Main<<6.35<<XML.NamespaceDec1<<Environment, InputLocalEnvironment, OutputLocalEnvironment, InputRoot, InputBody, InputProperties, OutputRoot, InputExceptionList, OutputExceptionList, InputDestinationList, OutputDestinationList, sp1
2871<<Administration Result<<2018-08-26 13:20:14.666 IST<<user\SANJIV<<deploy<<C:/Users/SANJIV/IBM/IIBT10/workspace/GeneratedBarFiles/AdditionAppproject.generated.bar<<BAR<<default<<ExecutionGroup<<FAILED
AdditionApp>>TESTNODE_SANJIV>>default>>2>>1535270115193
2087<<Runtime Response<<2018-08-26 13:25:16.812 IST<<TESTNODE_SANJIV<<c82486ed-c534-4eb8-b8df-98e4700428c1
4041<<Runtime Response<<2018-08-26 13:25:16.813 IST<<default<<6c5abb64-3609-421e-8096-468c21a91f5a
2432<<Runtime Response<<2018-08-26 13:25:16.813 IST<<AdditionApp.Addition_Compute.Main<<6.35<<XMLNS.NamespaceDec1<<Environment, InputLocalEnvironment, OutputLocalEnvironment, InputRoot, InputBody, InputProperties, OutputRoot, InputExceptionList, OutputExceptionList, InputDestinationList, OutputDestinationList, sp1
2871<<Administration Result<<2018-08-26 13:25:16.813 IST<<user\SANJIV<<deploy<<C:/Users/SANJIV/IBM/IIBT10/workspace/GeneratedBarFiles/AdditionAppproject.generated.bar<<BAR<<default<<ExecutionGroup<<FAILED
AdditionApp>>TESTNODE_SANJIV>>default>>0>>1535270302514
2871<<Administration Result<<2018-08-26 13:28:31.045 IST<<user\SANJIV<<deploy<<C:/Users/SANJIV/IBM/IIBT10/workspace/GeneratedBarFiles/AdditionAppproject.generated.bar<<BAR<<default<<ExecutionGroup<<COMPLETE
